#
# A fatal error has been detected by the Java Runtime Environment:
#
#  EXCEPTION_ACCESS_VIOLATION (0xc0000005) at pc=0x0000000066e5fdef, pid=6884, tid=0x0000000000001e28
#
# JRE version: Java(TM) SE Runtime Environment (8.0_271-b09) (build 1.8.0_271-b09)
# Java VM: Java HotSpot(TM) 64-Bit Server VM (25.271-b09 mixed mode windows-amd64 compressed oops)
# Problematic frame:
# V  [jvm.dll+0x1dfdef]
#
# Failed to write core dump. Minidumps are not enabled by default on client versions of Windows
#
# If you would like to submit a bug report, please visit:
#   http://bugreport.java.com/bugreport/crash.jsp
#

---------------  T H R E A D  ---------------

Current thread (0x0000023701ff1800):  VMThread [stack: 0x000000e2aa100000,0x000000e2aa200000] [id=7720]

siginfo: ExceptionCode=0xc0000005, reading address 0x000000006b453aa0

Registers:
RAX=0x000002377f487817, RBX=0x00000000000000ff, RCX=0x00000000000000ff, RDX=0x0000023701ff1ca0
RSP=0x000000e2aa1ff430, RBP=0x000000e2aa1ff489, RSI=0x000002377f487817, RDI=0x0000000004000400
R8 =0x0000000000000003, R9 =0x0000000000000003, R10=0x000002376de2d020, R11=0x000002377f4877e7
R12=0x0000000000000000, R13=0x000002377f487a70, R14=0x000002377f48966c, R15=0x0000000066c80000
RIP=0x0000000066e5fdef, EFLAGS=0x0000000000010206

Top of Stack: (sp=0x000000e2aa1ff430)
0x000000e2aa1ff430:   000002377f487a50 000000000000009c
0x000000e2aa1ff440:   000000000000009c 000002376f88b190
0x000000e2aa1ff450:   000002377f4898a8 0000023701ff1800
0x000000e2aa1ff460:   000002377f4898a8 0000023701ff1800
0x000000e2aa1ff470:   0000004700000044 0000009c00000174
0x000000e2aa1ff480:   000002376f880000 000002370000009c
0x000000e2aa1ff490:   000002377f487a50 0000023701ff1800
0x000000e2aa1ff4a0:   0000004700000047 0000009c00000174
0x000000e2aa1ff4b0:   000002376f880000 000000000000009c
0x000000e2aa1ff4c0:   0000000000000008 0000000000000000
0x000000e2aa1ff4d0:   0000000000000001 0000000000000001
0x000000e2aa1ff4e0:   0000000000000001 0000000066e4dbc8
0x000000e2aa1ff4f0:   000002377f487748 0000000000000000
0x000000e2aa1ff500:   0000000000000000 000002377f487a50
0x000000e2aa1ff510:   0000000100060a18 0000023701ff1800
0x000000e2aa1ff520:   0000023701ff1800 0000000066e4e9cf 

Instructions: (pc=0x0000000066e5fdef)
0x0000000066e5fdcf:   fb ca 00 00 00 75 0e 48 8b 4d 07 48 8b d0 e8 2e
0x0000000066e5fddf:   d8 ee ff 8b d8 48 63 cb 49 63 bc 8f 90 37 7d 00
0x0000000066e5fdef:   42 0f b6 84 3f a0 36 7d 00 83 e0 0f 75 3b 44 0f
0x0000000066e5fdff:   b6 0e 41 81 f9 ca 00 00 00 75 0f 48 8b 4d 07 48 


Register to memory mapping:

RAX=0x000002377f487817 is pointing into metadata
RBX=0x00000000000000ff is an unknown value
RCX=0x00000000000000ff is an unknown value
RDX=0x0000023701ff1ca0 is an unknown value
RSP=0x000000e2aa1ff430 is an unknown value
RBP=0x000000e2aa1ff489 is an unknown value
RSI=0x000002377f487817 is pointing into metadata
RDI=0x0000000004000400 is an unknown value
R8 =0x0000000000000003 is an unknown value
R9 =0x0000000000000003 is an unknown value
R10=0x000002376de2d020 is an unknown value
R11=0x000002377f4877e7 is pointing into metadata
R12=0x0000000000000000 is an unknown value
R13=0x000002377f487a70 is pointing into metadata
R14=0x000002377f48966c is pointing into metadata
R15=0x0000000066c80000 is an unknown value


Stack: [0x000000e2aa100000,0x000000e2aa200000],  sp=0x000000e2aa1ff430,  free space=1021k
Native frames: (J=compiled Java code, j=interpreted, Vv=VM code, C=native code)
V  [jvm.dll+0x1dfdef]
V  [jvm.dll+0x1cdbc8]
V  [jvm.dll+0x1d2863]
V  [jvm.dll+0x1cf45b]
V  [jvm.dll+0x256557]
V  [jvm.dll+0x254cc5]
V  [jvm.dll+0x25543c]
V  [jvm.dll+0x25574c]
V  [jvm.dll+0x2a2dcc]
C  [ucrtbase.dll+0x210b2]
C  [KERNEL32.DLL+0x17c24]
C  [ntdll.dll+0x6d721]

VM_Operation (0x000000e2aa6ff530): RedefineClasses, mode: safepoint, requested by thread 0x000002370205f000, redefining class remove_char



---------------  P R O C E S S  ---------------

Java Threads: ( => current thread )
  0x00000237020d0800 JavaThread "Service Thread" daemon [_thread_blocked, id=7076, stack(0x000000e2aac00000,0x000000e2aad00000)]
  0x00000237020cb000 JavaThread "C1 CompilerThread2" daemon [_thread_blocked, id=10976, stack(0x000000e2aab00000,0x000000e2aac00000)]
  0x000002370208d800 JavaThread "C2 CompilerThread1" daemon [_thread_blocked, id=1400, stack(0x000000e2aaa00000,0x000000e2aab00000)]
  0x0000023702076000 JavaThread "C2 CompilerThread0" daemon [_thread_blocked, id=11368, stack(0x000000e2aa900000,0x000000e2aaa00000)]
  0x0000023702070000 JavaThread "JDWP Command Reader" daemon [_thread_in_native, id=7700, stack(0x000000e2aa800000,0x000000e2aa900000)]
  0x0000023702060000 JavaThread "JDWP Event Helper Thread" daemon [_thread_blocked, id=11812, stack(0x000000e2aa700000,0x000000e2aa800000)]
  0x000002370205f000 JavaThread "JDWP Transport Listener: dt_socket" daemon [_thread_blocked, id=1304, stack(0x000000e2aa600000,0x000000e2aa700000)]
  0x000002370203a000 JavaThread "Attach Listener" daemon [_thread_blocked, id=6556, stack(0x000000e2aa500000,0x000000e2aa600000)]
  0x0000023702038800 JavaThread "Signal Dispatcher" daemon [_thread_blocked, id=13056, stack(0x000000e2aa400000,0x000000e2aa500000)]
  0x000002377f97a000 JavaThread "Finalizer" daemon [_thread_blocked, id=1976, stack(0x000000e2aa300000,0x000000e2aa400000)]
  0x0000023702016000 JavaThread "Reference Handler" daemon [_thread_blocked, id=12184, stack(0x000000e2aa200000,0x000000e2aa300000)]
  0x000002376de19000 JavaThread "main" [_thread_blocked, id=10816, stack(0x000000e2a9c00000,0x000000e2a9d00000)]

Other Threads:
=>0x0000023701ff1800 VMThread [stack: 0x000000e2aa100000,0x000000e2aa200000] [id=7720]
  0x00000237020d5000 WatcherThread [stack: 0x000000e2aad00000,0x000000e2aae00000] [id=10484]

VM state:at safepoint (normal execution)

VM Mutex/Monitor currently owned by a thread:  ([mutex/lock_event])
[0x000002376de15eb0] Threads_lock - owner thread: 0x0000023701ff1800

heap address: 0x00000000c1600000, size: 1002 MB, Compressed Oops mode: 32-bit
Narrow klass base: 0x0000000000000000, Narrow klass shift: 3
Compressed class space size: 1073741824 Address: 0x0000000100000000

Heap:
 PSYoungGen      total 18944K, used 1310K [0x00000000eb200000, 0x00000000ec700000, 0x0000000100000000)
  eden space 16384K, 8% used [0x00000000eb200000,0x00000000eb347ba8,0x00000000ec200000)
  from space 2560K, 0% used [0x00000000ec480000,0x00000000ec480000,0x00000000ec700000)
  to   space 2560K, 0% used [0x00000000ec200000,0x00000000ec200000,0x00000000ec480000)
 ParOldGen       total 44032K, used 0K [0x00000000c1600000, 0x00000000c4100000, 0x00000000eb200000)
  object space 44032K, 0% used [0x00000000c1600000,0x00000000c1600000,0x00000000c4100000)
 Metaspace       used 2739K, capacity 4564K, committed 4864K, reserved 1056768K
  class space    used 290K, capacity 388K, committed 512K, reserved 1048576K

Card table byte_map: [0x000002377eb30000,0x000002377ed30000] byte_map_base: 0x000002377e525000

Marking Bits: (ParMarkBitMap*) 0x0000000067477fe0
 Begin Bits: [0x0000023700000000, 0x0000023700fa8000)
 End Bits:   [0x0000023700fa8000, 0x0000023701f50000)

Polling page: 0x000002376df00000

CodeCache: size=245760Kb used=1132Kb max_used=1132Kb free=244627Kb
 bounds [0x000002376f770000, 0x000002376f9e0000, 0x000002377e770000]
 total_blobs=260 nmethods=35 adapters=146
 compilation: enabled

Compilation events (10 events):
Event: 0.380 Thread 0x00000237020cb000   31       1       java.lang.Object::<init> (1 bytes)
Event: 0.381 Thread 0x00000237020cb000 nmethod 31 0x000002376f889cd0 code [0x000002376f889e20, 0x000002376f889f38]
Event: 0.382 Thread 0x00000237020cb000   32       1       java.nio.Buffer::position (5 bytes)
Event: 0.383 Thread 0x00000237020cb000 nmethod 32 0x000002376f889fd0 code [0x000002376f88a120, 0x000002376f88a238]
Event: 0.383 Thread 0x00000237020cb000   33       1       java.net.URL::getProtocol (5 bytes)
Event: 0.383 Thread 0x00000237020cb000 nmethod 33 0x000002376f88a290 code [0x000002376f88a3e0, 0x000002376f88a4f8]
Event: 0.390 Thread 0x00000237020cb000   34       3       java.util.HashMap::hash (20 bytes)
Event: 0.390 Thread 0x00000237020cb000 nmethod 34 0x000002376f88a550 code [0x000002376f88a6c0, 0x000002376f88a930]
Event: 0.400 Thread 0x00000237020cb000   35       1       java.nio.Buffer::limit (5 bytes)
Event: 0.400 Thread 0x00000237020cb000 nmethod 35 0x000002376f88b190 code [0x000002376f88b2e0, 0x000002376f88b3f8]

GC Heap History (0 events):
No events

Deoptimization events (0 events):
No events

Classes redefined (4 events):
Event: 2620.869 Thread 0x0000023701ff1800 redefined class name=remove_char, count=1
Event: 2819.811 Thread 0x0000023701ff1800 redefined class name=remove_char, count=2
Event: 3089.880 Thread 0x0000023701ff1800 redefined class name=remove_char, count=3
Event: 3114.663 Thread 0x0000023701ff1800 redefined class name=remove_char, count=4

Internal exceptions (2 events):
Event: 0.082 Thread 0x000002376de19000 Exception <a 'java/lang/NoSuchMethodError': Method sun.misc.Unsafe.defineClass(Ljava/lang/String;[BII)Ljava/lang/Class; name or signature does not match> (0x00000000eb207cc0) thrown at [C:\jenkins\workspace\8-2-build-windows-amd64-cygwin\jdk8u271\605\hots
Event: 0.082 Thread 0x000002376de19000 Exception <a 'java/lang/NoSuchMethodError': Method sun.misc.Unsafe.prefetchRead(Ljava/lang/Object;J)V name or signature does not match> (0x00000000eb207fa8) thrown at [C:\jenkins\workspace\8-2-build-windows-amd64-cygwin\jdk8u271\605\hotspot\src\share\vm\p

Events (10 events):
Event: 3114.667 Executing VM operation: ChangeBreakpoints done
Event: 3114.672 Executing VM operation: ChangeBreakpoints
Event: 3114.673 Executing VM operation: ChangeBreakpoints done
Event: 3114.677 Executing VM operation: ChangeBreakpoints
Event: 3114.677 Executing VM operation: ChangeBreakpoints done
Event: 3115.539 Executing VM operation: GetOwnedMonitorInfo
Event: 3115.539 Executing VM operation: GetOwnedMonitorInfo done
Event: 3115.539 Executing VM operation: GetCurrentContendedMonitor
Event: 3115.539 Executing VM operation: GetCurrentContendedMonitor done
Event: 3172.208 Executing VM operation: RedefineClasses


Dynamic libraries:
0x00007ff729ef0000 - 0x00007ff729f37000 	C:\Program Files\Java\jdk1.8.0_271\bin\javaw.exe
0x00007ffc2dfa0000 - 0x00007ffc2e190000 	C:\WINDOWS\SYSTEM32\ntdll.dll
0x00007ffc2ca40000 - 0x00007ffc2caf2000 	C:\WINDOWS\System32\KERNEL32.DLL
0x00007ffc2af70000 - 0x00007ffc2b215000 	C:\WINDOWS\System32\KERNELBASE.dll
0x00007ffc2ce40000 - 0x00007ffc2cee3000 	C:\WINDOWS\System32\ADVAPI32.dll
0x00007ffc2c940000 - 0x00007ffc2c9de000 	C:\WINDOWS\System32\msvcrt.dll
0x00007ffc2c2f0000 - 0x00007ffc2c387000 	C:\WINDOWS\System32\sechost.dll
0x00007ffc2d0a0000 - 0x00007ffc2d1bf000 	C:\WINDOWS\System32\RPCRT4.dll
0x00007ffc2ddc0000 - 0x00007ffc2df54000 	C:\WINDOWS\System32\USER32.dll
0x00007ffc2b2d0000 - 0x00007ffc2b2f1000 	C:\WINDOWS\System32\win32u.dll
0x00007ffc2d260000 - 0x00007ffc2d286000 	C:\WINDOWS\System32\GDI32.dll
0x00007ffc2b390000 - 0x00007ffc2b528000 	C:\WINDOWS\System32\gdi32full.dll
0x00007ffc2b6a0000 - 0x00007ffc2b73e000 	C:\WINDOWS\System32\msvcp_win.dll
0x00007ffc2b5a0000 - 0x00007ffc2b69a000 	C:\WINDOWS\System32\ucrtbase.dll
0x00007ffc21be0000 - 0x00007ffc21e64000 	C:\WINDOWS\WinSxS\amd64_microsoft.windows.common-controls_6595b64144ccf1df_6.0.18362.1440_none_9e7dbfb9e45e8e67\COMCTL32.dll
0x00007ffc2cb00000 - 0x00007ffc2ce36000 	C:\WINDOWS\System32\combase.dll
0x00007ffc2b300000 - 0x00007ffc2b381000 	C:\WINDOWS\System32\bcryptPrimitives.dll
0x00007ffc2d230000 - 0x00007ffc2d25e000 	C:\WINDOWS\System32\IMM32.DLL
0x00007ffc28a80000 - 0x00007ffc28a95000 	C:\Program Files\Java\jdk1.8.0_271\jre\bin\vcruntime140.dll
0x00007ffc11d40000 - 0x00007ffc11ddb000 	C:\Program Files\Java\jdk1.8.0_271\jre\bin\msvcp140.dll
0x0000000066c80000 - 0x00000000674ef000 	C:\Program Files\Java\jdk1.8.0_271\jre\bin\server\jvm.dll
0x00007ffc2d980000 - 0x00007ffc2d988000 	C:\WINDOWS\System32\PSAPI.DLL
0x00007ffc290f0000 - 0x00007ffc290f9000 	C:\WINDOWS\SYSTEM32\WSOCK32.dll
0x00007ffc28070000 - 0x00007ffc28094000 	C:\WINDOWS\SYSTEM32\WINMM.dll
0x00007ffc2d1c0000 - 0x00007ffc2d22f000 	C:\WINDOWS\System32\WS2_32.dll
0x00007ffc24db0000 - 0x00007ffc24dba000 	C:\WINDOWS\SYSTEM32\VERSION.dll
0x00007ffc28040000 - 0x00007ffc2806d000 	C:\WINDOWS\SYSTEM32\winmmbase.dll
0x00007ffc2b530000 - 0x00007ffc2b57a000 	C:\WINDOWS\System32\cfgmgr32.dll
0x00007ffc2aec0000 - 0x00007ffc2aed1000 	C:\WINDOWS\System32\kernel.appcore.dll
0x00007ffc27df0000 - 0x00007ffc27e00000 	C:\Program Files\Java\jdk1.8.0_271\jre\bin\verify.dll
0x00007ffc26540000 - 0x00007ffc2656b000 	C:\Program Files\Java\jdk1.8.0_271\jre\bin\java.dll
0x00007ffc1c2f0000 - 0x00007ffc1c326000 	C:\Program Files\Java\jdk1.8.0_271\jre\bin\jdwp.dll
0x00007ffc23e50000 - 0x00007ffc23e59000 	C:\Program Files\Java\jdk1.8.0_271\jre\bin\npt.dll
0x00007ffc23730000 - 0x00007ffc23748000 	C:\Program Files\Java\jdk1.8.0_271\jre\bin\zip.dll
0x00007ffc2d290000 - 0x00007ffc2d978000 	C:\WINDOWS\System32\SHELL32.dll
0x00007ffc2d990000 - 0x00007ffc2da37000 	C:\WINDOWS\System32\shcore.dll
0x00007ffc2b740000 - 0x00007ffc2bebb000 	C:\WINDOWS\System32\windows.storage.dll
0x00007ffc2aee0000 - 0x00007ffc2aefe000 	C:\WINDOWS\System32\profapi.dll
0x00007ffc2af20000 - 0x00007ffc2af6a000 	C:\WINDOWS\System32\powrprof.dll
0x00007ffc2aeb0000 - 0x00007ffc2aec0000 	C:\WINDOWS\System32\UMPDC.dll
0x00007ffc2da40000 - 0x00007ffc2da92000 	C:\WINDOWS\System32\shlwapi.dll
0x00007ffc2b580000 - 0x00007ffc2b597000 	C:\WINDOWS\System32\cryptsp.dll
0x00007ffc23470000 - 0x00007ffc2347a000 	C:\Program Files\Java\jdk1.8.0_271\jre\bin\dt_socket.dll
0x00007ffc1d3e0000 - 0x00007ffc1d3f6000 	C:\WINDOWS\system32\napinsp.dll
0x00007ffc1c1b0000 - 0x00007ffc1c1ca000 	C:\WINDOWS\system32\pnrpnsp.dll
0x00007ffc2a690000 - 0x00007ffc2a6f7000 	C:\WINDOWS\System32\mswsock.dll
0x00007ffc2a3e0000 - 0x00007ffc2a4ab000 	C:\WINDOWS\SYSTEM32\DNSAPI.dll
0x00007ffc2c0b0000 - 0x00007ffc2c0b8000 	C:\WINDOWS\System32\NSI.dll
0x00007ffc2a3a0000 - 0x00007ffc2a3da000 	C:\WINDOWS\SYSTEM32\IPHLPAPI.DLL
0x00007ffc25ec0000 - 0x00007ffc25ece000 	C:\WINDOWS\System32\winrnr.dll
0x00007ffc27780000 - 0x00007ffc2779c000 	C:\WINDOWS\system32\NLAapi.dll
0x00007ffc25880000 - 0x00007ffc25895000 	C:\WINDOWS\system32\wshbth.dll
0x00007ffc22480000 - 0x00007ffc224f7000 	C:\WINDOWS\System32\fwpuclnt.dll
0x00007ffc2bf20000 - 0x00007ffc2bf46000 	C:\WINDOWS\System32\bcrypt.dll
0x00007ffc1fbb0000 - 0x00007ffc1fbba000 	C:\Windows\System32\rasadhlp.dll
0x00007ffc188e0000 - 0x00007ffc18ad4000 	C:\WINDOWS\SYSTEM32\dbghelp.dll

VM Arguments:
jvm_args: -agentlib:jdwp=transport=dt_socket,suspend=y,address=localhost:65193 -Dfile.encoding=Cp1252 
java_command: remove_char
java_class_path (initial): C:\Program Files\Java\jdk1.8.0_271\jre\lib\resources.jar;C:\Program Files\Java\jdk1.8.0_271\jre\lib\rt.jar;C:\Program Files\Java\jdk1.8.0_271\jre\lib\jsse.jar;C:\Program Files\Java\jdk1.8.0_271\jre\lib\jce.jar;C:\Program Files\Java\jdk1.8.0_271\jre\lib\charsets.jar;C:\Program Files\Java\jdk1.8.0_271\jre\lib\jfr.jar;C:\Program Files\Java\jdk1.8.0_271\jre\lib\ext\access-bridge-64.jar;C:\Program Files\Java\jdk1.8.0_271\jre\lib\ext\cldrdata.jar;C:\Program Files\Java\jdk1.8.0_271\jre\lib\ext\dnsns.jar;C:\Program Files\Java\jdk1.8.0_271\jre\lib\ext\jaccess.jar;C:\Program Files\Java\jdk1.8.0_271\jre\lib\ext\jfxrt.jar;C:\Program Files\Java\jdk1.8.0_271\jre\lib\ext\localedata.jar;C:\Program Files\Java\jdk1.8.0_271\jre\lib\ext\nashorn.jar;C:\Program Files\Java\jdk1.8.0_271\jre\lib\ext\sunec.jar;C:\Program Files\Java\jdk1.8.0_271\jre\lib\ext\sunjce_provider.jar;C:\Program Files\Java\jdk1.8.0_271\jre\lib\ext\sunmscapi.jar;C:\Program Files\Java\jdk1.8.0_271\jre\lib\ext\sunpkcs11.jar;C:\Program Files\Java\jdk1.8.0_271\jre\lib\ext\zipfs.jar;D:\SeleniumPractice\Practice\bin;C:\Users\Mallika\Downloads\eclipse-jee-oxygen-3a-win32-x86_64\eclipse\plugins\org.testng_6.14.3.r201802240500.jar;C:\Users\Mallika\Downloads\eclipse-jee-oxygen-3a-win32-x86_64\eclipse\plugins\com.beust.jcommander_1.78.0.jar;C:\Users\Mallika\Downloads\eclipse-jee-oxygen-3a-win32-x86_64\eclipse\plugins\org.apache-extras.beanshell.bsh_2.0.0.b6.jar;C:\Users\Mallika\Downloads\eclipse-jee-oxygen-3a-win32-x86_64\eclipse\plugins\org.yaml.snakeyaml_1.21.0.jar;C:\Users\Mallika\.m2\repository\org\seleniumhq\selenium\selenium-api\4.0.0-alpha-6\selenium-api-4.0.0-alpha-6.jar;C:\Users\Mallika\.m2\repository\org\seleniumhq\selenium\selenium-chrome-driver\4.0.0-alpha-6\selenium-chrome-driver-4.0.0-alpha-6.jar
Launcher Type: SUN_STANDARD

Environment Variables:
PATH=C:\Program Files\Java\jdk1.8.0_271\jre\bin;C:/Program Files/Java/jre1.8.0_271/bin/server;C:/Program Files/Java/jre1.8.0_271/bin;C:/Program Files/Java/jre1.8.0_271/lib/amd64;C:\Program Files (x86)\Common Files\Oracle\Java\javapath;C:\WINDOWS\system32;C:\WINDOWS;C:\WINDOWS\System32\Wbem;C:\WINDOWS\System32\WindowsPowerShell\v1.0\;C:\WINDOWS\System32\OpenSSH\;D:\SeleniumPractice\apache-maven-3.6.3\bin;C:\Program Files\Git\cmd;C:\Users\Mallika\AppData\Local\Microsoft\WindowsApps;;C:\Users\Mallika\Downloads\eclipse-jee-oxygen-3a-win32-x86_64\eclipse;
USERNAME=Mallika
OS=Windows_NT
PROCESSOR_IDENTIFIER=Intel64 Family 6 Model 61 Stepping 4, GenuineIntel



---------------  S Y S T E M  ---------------

OS: Windows 10.0 , 64 bit Build 18362 (10.0.18362.1350)

CPU:total 4 (initial active 4) (2 cores per cpu, 2 threads per core) family 6 model 61 stepping 4, cmov, cx8, fxsr, mmx, sse, sse2, sse3, ssse3, sse4.1, sse4.2, popcnt, avx, avx2, aes, clmul, erms, 3dnowpref, lzcnt, ht, tsc, tscinvbit, bmi1, bmi2, adx

Memory: 4k page, physical 4101788k(670296k free), swap 8296092k(2884632k free)

vm_info: Java HotSpot(TM) 64-Bit Server VM (25.271-b09) for windows-amd64 JRE (1.8.0_271-b09), built on Sep 16 2020 19:14:59 by "" with MS VC++ 15.9 (VS2017)

time: Wed May 19 14:54:09 2021
timezone: India Standard Time
elapsed time: 3172.337373 seconds (0d 0h 52m 52s)

